C:\USERS\USER\DOCUMENTS\GITHUB\NEW-QUAKE-3-PARTICLE-STUDIO\DEBUG\BASEENT.CPP.NATIVECODEANALYSIS.XML
C:\USERS\USER\DOCUMENTS\GITHUB\NEW-QUAKE-3-PARTICLE-STUDIO\DEBUG\BASEENT.OBJ
C:\USERS\USER\DOCUMENTS\GITHUB\NEW-QUAKE-3-PARTICLE-STUDIO\DEBUG\VC110.PDB
C:\USERS\USER\DOCUMENTS\GITHUB\NEW-QUAKE-3-PARTICLE-STUDIO\DEBUG\BASICSTRUCTS.CPP.NATIVECODEANALYSIS.XML
C:\USERS\USER\DOCUMENTS\GITHUB\NEW-QUAKE-3-PARTICLE-STUDIO\DEBUG\BASICSTRUCTS.OBJ
C:\USERS\USER\DOCUMENTS\GITHUB\NEW-QUAKE-3-PARTICLE-STUDIO\DEBUG\BUTTON.CPP.NATIVECODEANALYSIS.XML
C:\USERS\USER\DOCUMENTS\GITHUB\NEW-QUAKE-3-PARTICLE-STUDIO\DEBUG\BUTTON.OBJ
C:\USERS\USER\DOCUMENTS\GITHUB\NEW-QUAKE-3-PARTICLE-STUDIO\DEBUG\HORIZSLIDERCPP.CPP.NATIVECODEANALYSIS.XML
C:\USERS\USER\DOCUMENTS\GITHUB\NEW-QUAKE-3-PARTICLE-STUDIO\DEBUG\HORIZSLIDERCPP.OBJ
C:\USERS\USER\DOCUMENTS\GITHUB\NEW-QUAKE-3-PARTICLE-STUDIO\DEBUG\JPGLOADER.CPP.NATIVECODEANALYSIS.XML
C:\USERS\USER\DOCUMENTS\GITHUB\NEW-QUAKE-3-PARTICLE-STUDIO\DEBUG\JPGLOADER.OBJ
C:\USERS\USER\DOCUMENTS\GITHUB\NEW-QUAKE-3-PARTICLE-STUDIO\DEBUG\LABEL.CPP.NATIVECODEANALYSIS.XML
C:\USERS\USER\DOCUMENTS\GITHUB\NEW-QUAKE-3-PARTICLE-STUDIO\DEBUG\LABEL.OBJ
C:\USERS\USER\DOCUMENTS\GITHUB\NEW-QUAKE-3-PARTICLE-STUDIO\DEBUG\LISTBOX.CPP.NATIVECODEANALYSIS.XML
C:\USERS\USER\DOCUMENTS\GITHUB\NEW-QUAKE-3-PARTICLE-STUDIO\DEBUG\LISTBOX.OBJ
C:\USERS\USER\DOCUMENTS\GITHUB\NEW-QUAKE-3-PARTICLE-STUDIO\DEBUG\MAIN.CPP.NATIVECODEANALYSIS.XML
C:\USERS\USER\DOCUMENTS\GITHUB\NEW-QUAKE-3-PARTICLE-STUDIO\DEBUG\MAIN.OBJ
C:\USERS\USER\DOCUMENTS\GITHUB\NEW-QUAKE-3-PARTICLE-STUDIO\DEBUG\PARTICLESYSTEM.CPP.NATIVECODEANALYSIS.XML
C:\USERS\USER\DOCUMENTS\GITHUB\NEW-QUAKE-3-PARTICLE-STUDIO\DEBUG\PARTICLESYSTEM.OBJ
C:\USERS\USER\DOCUMENTS\GITHUB\NEW-QUAKE-3-PARTICLE-STUDIO\DEBUG\SIDEPANNEL.CPP.NATIVECODEANALYSIS.XML
C:\USERS\USER\DOCUMENTS\GITHUB\NEW-QUAKE-3-PARTICLE-STUDIO\DEBUG\SIDEPANNEL.OBJ
C:\USERS\USER\DOCUMENTS\GITHUB\NEW-QUAKE-3-PARTICLE-STUDIO\DEBUG\TABS.CPP.NATIVECODEANALYSIS.XML
C:\USERS\USER\DOCUMENTS\GITHUB\NEW-QUAKE-3-PARTICLE-STUDIO\DEBUG\TABS.OBJ
C:\USERS\USER\DOCUMENTS\GITHUB\NEW-QUAKE-3-PARTICLE-STUDIO\DEBUG\TEXTBOX.CPP.NATIVECODEANALYSIS.XML
C:\USERS\USER\DOCUMENTS\GITHUB\NEW-QUAKE-3-PARTICLE-STUDIO\DEBUG\TEXTBOX.OBJ
C:\USERS\USER\DOCUMENTS\GITHUB\NEW-QUAKE-3-PARTICLE-STUDIO\DEBUG\TEXTDRAW.CPP.NATIVECODEANALYSIS.XML
C:\USERS\USER\DOCUMENTS\GITHUB\NEW-QUAKE-3-PARTICLE-STUDIO\DEBUG\TEXTDRAW.OBJ
C:\USERS\USER\DOCUMENTS\GITHUB\NEW-QUAKE-3-PARTICLE-STUDIO\DEBUG\TGA.CPP.NATIVECODEANALYSIS.XML
C:\USERS\USER\DOCUMENTS\GITHUB\NEW-QUAKE-3-PARTICLE-STUDIO\DEBUG\TGA.OBJ
C:\USERS\USER\DOCUMENTS\GITHUB\NEW-QUAKE-3-PARTICLE-STUDIO\DEBUG\TGALOADER.CPP.NATIVECODEANALYSIS.XML
C:\USERS\USER\DOCUMENTS\GITHUB\NEW-QUAKE-3-PARTICLE-STUDIO\DEBUG\TGALOADER.OBJ
C:\USERS\USER\DOCUMENTS\GITHUB\NEW-QUAKE-3-PARTICLE-STUDIO\DEBUG\USERENTRY.CPP.NATIVECODEANALYSIS.XML
C:\USERS\USER\DOCUMENTS\GITHUB\NEW-QUAKE-3-PARTICLE-STUDIO\DEBUG\USERENTRY.OBJ
C:\USERS\USER\DOCUMENTS\GITHUB\NEW-QUAKE-3-PARTICLE-STUDIO\DEBUG\FS PARTICLE STUDIO 2.ILK
C:\USERS\USER\DOCUMENTS\GITHUB\NEW-QUAKE-3-PARTICLE-STUDIO\DEBUG\FS PARTICLE STUDIO 2.EXE
C:\USERS\USER\DOCUMENTS\GITHUB\NEW-QUAKE-3-PARTICLE-STUDIO\DEBUG\FS PARTICLE STUDIO 2.PDB
C:\Users\User\Documents\GitHub\New-Quake-3-Particle-Studio\Debug\baseEnt.obj
C:\Users\User\Documents\GitHub\New-Quake-3-Particle-Studio\Debug\basicstructs.obj
C:\Users\User\Documents\GitHub\New-Quake-3-Particle-Studio\Debug\button.obj
C:\Users\User\Documents\GitHub\New-Quake-3-Particle-Studio\Debug\horizslidercpp.obj
C:\Users\User\Documents\GitHub\New-Quake-3-Particle-Studio\Debug\jpgLoader.obj
C:\Users\User\Documents\GitHub\New-Quake-3-Particle-Studio\Debug\label.obj
C:\Users\User\Documents\GitHub\New-Quake-3-Particle-Studio\Debug\listbox.obj
C:\Users\User\Documents\GitHub\New-Quake-3-Particle-Studio\Debug\Main.obj
C:\Users\User\Documents\GitHub\New-Quake-3-Particle-Studio\Debug\particleSystem.obj
C:\Users\User\Documents\GitHub\New-Quake-3-Particle-Studio\Debug\sidePannel.obj
C:\Users\User\Documents\GitHub\New-Quake-3-Particle-Studio\Debug\tabs.obj
C:\Users\User\Documents\GitHub\New-Quake-3-Particle-Studio\Debug\textbox.obj
C:\Users\User\Documents\GitHub\New-Quake-3-Particle-Studio\Debug\textdraw.obj
C:\Users\User\Documents\GitHub\New-Quake-3-Particle-Studio\Debug\tga.obj
C:\Users\User\Documents\GitHub\New-Quake-3-Particle-Studio\Debug\TGALoader.obj
C:\Users\User\Documents\GitHub\New-Quake-3-Particle-Studio\Debug\userEntry.obj
C:\Users\User\Documents\GitHub\New-Quake-3-Particle-Studio\Debug\FS Particle Studio 2.ilk
C:\Users\User\Documents\GitHub\New-Quake-3-Particle-Studio\Debug\cl.command.1.tlog
C:\Users\User\Documents\GitHub\New-Quake-3-Particle-Studio\Debug\CL.read.1.tlog
C:\Users\User\Documents\GitHub\New-Quake-3-Particle-Studio\Debug\CL.write.1.tlog
C:\Users\User\Documents\GitHub\New-Quake-3-Particle-Studio\Debug\link-cvtres.read.1.tlog
C:\Users\User\Documents\GitHub\New-Quake-3-Particle-Studio\Debug\link-cvtres.write.1.tlog
C:\Users\User\Documents\GitHub\New-Quake-3-Particle-Studio\Debug\link-rc.read.1.tlog
C:\Users\User\Documents\GitHub\New-Quake-3-Particle-Studio\Debug\link-rc.write.1.tlog
C:\Users\User\Documents\GitHub\New-Quake-3-Particle-Studio\Debug\link.command.1.tlog
C:\Users\User\Documents\GitHub\New-Quake-3-Particle-Studio\Debug\link.read.1.tlog
C:\Users\User\Documents\GitHub\New-Quake-3-Particle-Studio\Debug\link.write.1.tlog
C:\Users\User\Documents\GitHub\New-Quake-3-Particle-Studio\Debug\NativeCodeAnalysis.read.1.tlog
C:\Users\User\Documents\GitHub\New-Quake-3-Particle-Studio\Debug\rc.command.1.tlog
C:\Users\User\Documents\GitHub\New-Quake-3-Particle-Studio\Debug\rc.read.1.tlog
C:\Users\User\Documents\GitHub\New-Quake-3-Particle-Studio\Debug\rc.write.1.tlog
C:\Users\User\Documents\GitHub\New-Quake-3-Particle-Studio\Debug\vc110.idb
C:\Users\User\Documents\GitHub\New-Quake-3-Particle-Studio\Debug\FS Particle Studio 2.pdb
C:\Users\User\Documents\GitHub\New-Quake-3-Particle-Studio\Debug\vc110.pdb
C:\Users\User\Documents\GitHub\New-Quake-3-Particle-Studio\Debug\baseEnt.cpp.nativecodeanalysis.xml
C:\Users\User\Documents\GitHub\New-Quake-3-Particle-Studio\Debug\basicstructs.cpp.nativecodeanalysis.xml
C:\Users\User\Documents\GitHub\New-Quake-3-Particle-Studio\Debug\button.cpp.nativecodeanalysis.xml
C:\Users\User\Documents\GitHub\New-Quake-3-Particle-Studio\Debug\horizslidercpp.cpp.nativecodeanalysis.xml
C:\Users\User\Documents\GitHub\New-Quake-3-Particle-Studio\Debug\jpgLoader.cpp.nativecodeanalysis.xml
C:\Users\User\Documents\GitHub\New-Quake-3-Particle-Studio\Debug\label.cpp.nativecodeanalysis.xml
C:\Users\User\Documents\GitHub\New-Quake-3-Particle-Studio\Debug\listbox.cpp.nativecodeanalysis.xml
C:\Users\User\Documents\GitHub\New-Quake-3-Particle-Studio\Debug\Main.cpp.nativecodeanalysis.xml
C:\Users\User\Documents\GitHub\New-Quake-3-Particle-Studio\Debug\particleSystem.cpp.nativecodeanalysis.xml
C:\Users\User\Documents\GitHub\New-Quake-3-Particle-Studio\Debug\sidePannel.cpp.nativecodeanalysis.xml
C:\Users\User\Documents\GitHub\New-Quake-3-Particle-Studio\Debug\tabs.cpp.nativecodeanalysis.xml
C:\Users\User\Documents\GitHub\New-Quake-3-Particle-Studio\Debug\textbox.cpp.nativecodeanalysis.xml
C:\Users\User\Documents\GitHub\New-Quake-3-Particle-Studio\Debug\textdraw.cpp.nativecodeanalysis.xml
C:\Users\User\Documents\GitHub\New-Quake-3-Particle-Studio\Debug\tga.cpp.nativecodeanalysis.xml
C:\Users\User\Documents\GitHub\New-Quake-3-Particle-Studio\Debug\TGALoader.cpp.nativecodeanalysis.xml
C:\Users\User\Documents\GitHub\New-Quake-3-Particle-Studio\Debug\userEntry.cpp.nativecodeanalysis.xml
C:\Users\User\Documents\GitHub\New-Quake-3-Particle-Studio\Debug\vc.nativecodeanalysis.all.xml
C:\Users\User\Documents\GitHub\New-Quake-3-Particle-Studio\Debug\FS Particle Studio 2.exe
C:\Users\User\Documents\GitHub\New-Quake-3-Particle-Studio\Debug\FS Particle Studio 2.exe.lastcodeanalysissucceeded
