Build started 08/09/2012 12:51:46.
     1>Project "C:\Users\User\Documents\GitHub\New-Quake-3-Particle-Studio\Particle Studio.vcxproj" on node 2 (Build target(s)).
     1>ClCompile:
         C:\Program Files (x86)\Microsoft Visual Studio 11.0\VC\bin\CL.exe /c /ZI /nologo /W1 /WX- /Od /Oy- /D WIN32 /D _DEBUG /D _WINDOWS /Gm /EHsc /RTC1 /MDd /GS /fp:precise /Zc:wchar_t /Zc:forScope /Fo"Debug\\" /Fd"Debug\vc110.pdb" /Gd /TP /analyze- /errorReport:prompt  /J Main.cpp
         Main.cpp
       Link:
         C:\Program Files (x86)\Microsoft Visual Studio 11.0\VC\bin\link.exe /ERRORREPORT:PROMPT /OUT:"C:\Users\User\Documents\GitHub\New-Quake-3-Particle-Studio\Debug\FS Particle Studio 2.exe" /INCREMENTAL /NOLOGO kernel32.lib user32.lib gdi32.lib winspool.lib comdlg32.lib advapi32.lib shell32.lib ole32.lib oleaut32.lib uuid.lib odbc32.lib odbccp32.lib /MANIFEST /MANIFESTUAC:"level='asInvoker' uiAccess='false'" /manifest:embed /DEBUG /PDB:"C:\Users\User\Documents\GitHub\New-Quake-3-Particle-Studio\Debug\FS Particle Studio 2.pdb" /SUBSYSTEM:WINDOWS /TLBID:1 /DYNAMICBASE /NXCOMPAT /IMPLIB:"C:\Users\User\Documents\GitHub\New-Quake-3-Particle-Studio\Debug\FS Particle Studio 2.lib" /MACHINE:X86 /SAFESEH  glu32.lib Debug\baseEnt.obj
         Debug\basicstructs.obj
         Debug\button.obj
         Debug\horizslidercpp.obj
         Debug\jpgLoader.obj
         Debug\label.obj
         Debug\listbox.obj
         Debug\Main.obj
         Debug\particleSystem.obj
         Debug\sidePannel.obj
         Debug\tabs.obj
         Debug\textbox.obj
         Debug\textdraw.obj
         Debug\tga.obj
         Debug\TGALoader.obj
         Debug\userEntry.obj
         Particle Studio.vcxproj -> C:\Users\User\Documents\GitHub\New-Quake-3-Particle-Studio\Debug\FS Particle Studio 2.exe
     1>Done Building Project "C:\Users\User\Documents\GitHub\New-Quake-3-Particle-Studio\Particle Studio.vcxproj" (Build target(s)).

Build succeeded.

Time Elapsed 00:00:01.03
